[2025-05-19T20:36:48.952+0000] {manager.py:469} INFO - Processing files using up to 2 processes at a time 
[2025-05-19T20:36:48.953+0000] {manager.py:470} INFO - Process each file at most once every 30 seconds
[2025-05-19T20:36:48.955+0000] {manager.py:471} INFO - Checking for new files in /opt/airflow/dags every 300 seconds
[2025-05-19T20:36:48.957+0000] {manager.py:738} INFO - Searching for files in /opt/airflow/dags
[2025-05-19T20:36:48.960+0000] {manager.py:741} INFO - There are 0 files in /opt/airflow/dags
[2025-05-19T20:41:49.219+0000] {manager.py:738} INFO - Searching for files in /opt/airflow/dags
[2025-05-19T20:41:49.222+0000] {manager.py:741} INFO - There are 0 files in /opt/airflow/dags
[2025-05-19T20:59:31.438+0000] {manager.py:738} INFO - Searching for files in /opt/airflow/dags
[2025-05-19T20:59:31.440+0000] {manager.py:741} INFO - There are 0 files in /opt/airflow/dags
[2025-05-19T21:20:33.813+0000] {manager.py:738} INFO - Searching for files in /opt/airflow/dags
[2025-05-19T21:20:33.816+0000] {manager.py:741} INFO - There are 0 files in /opt/airflow/dags
[2025-05-19T21:37:04.779+0000] {manager.py:738} INFO - Searching for files in /opt/airflow/dags
[2025-05-19T21:37:04.783+0000] {manager.py:741} INFO - There are 0 files in /opt/airflow/dags
[2025-05-19T21:55:38.539+0000] {manager.py:738} INFO - Searching for files in /opt/airflow/dags
[2025-05-19T21:55:38.542+0000] {manager.py:741} INFO - There are 0 files in /opt/airflow/dags
[2025-05-19T22:39:22.449+0000] {manager.py:738} INFO - Searching for files in /opt/airflow/dags
[2025-05-19T22:39:22.451+0000] {manager.py:741} INFO - There are 0 files in /opt/airflow/dags
[2025-05-19T23:02:02.465+0000] {manager.py:738} INFO - Searching for files in /opt/airflow/dags
[2025-05-19T23:02:02.467+0000] {manager.py:741} INFO - There are 0 files in /opt/airflow/dags
[2025-05-19T23:38:49.621+0000] {manager.py:738} INFO - Searching for files in /opt/airflow/dags
[2025-05-19T23:38:49.627+0000] {manager.py:741} INFO - There are 0 files in /opt/airflow/dags
[2025-05-20T00:16:34.158+0000] {manager.py:738} INFO - Searching for files in /opt/airflow/dags
[2025-05-20T00:16:34.160+0000] {manager.py:741} INFO - There are 0 files in /opt/airflow/dags
[2025-05-20T00:52:34.381+0000] {manager.py:738} INFO - Searching for files in /opt/airflow/dags
[2025-05-20T00:52:34.384+0000] {manager.py:741} INFO - There are 0 files in /opt/airflow/dags
[2025-05-20T02:18:35.566+0000] {manager.py:738} INFO - Searching for files in /opt/airflow/dags
[2025-05-20T02:18:35.574+0000] {manager.py:741} INFO - There are 0 files in /opt/airflow/dags
[2025-05-20T02:37:00.318+0000] {manager.py:738} INFO - Searching for files in /opt/airflow/dags
[2025-05-20T02:37:00.321+0000] {manager.py:741} INFO - There are 0 files in /opt/airflow/dags
[2025-05-20T02:58:10.443+0000] {manager.py:738} INFO - Searching for files in /opt/airflow/dags
[2025-05-20T02:58:10.445+0000] {manager.py:741} INFO - There are 0 files in /opt/airflow/dags
[2025-05-20T03:17:08.637+0000] {manager.py:738} INFO - Searching for files in /opt/airflow/dags
[2025-05-20T03:17:08.639+0000] {manager.py:741} INFO - There are 0 files in /opt/airflow/dags
[2025-05-20T03:35:16.142+0000] {manager.py:738} INFO - Searching for files in /opt/airflow/dags
[2025-05-20T03:35:16.143+0000] {manager.py:741} INFO - There are 0 files in /opt/airflow/dags
[2025-05-20T04:25:43.311+0000] {manager.py:738} INFO - Searching for files in /opt/airflow/dags
[2025-05-20T04:25:43.319+0000] {manager.py:741} INFO - There are 0 files in /opt/airflow/dags
[2025-05-20T05:15:41.351+0000] {manager.py:738} INFO - Searching for files in /opt/airflow/dags
[2025-05-20T05:15:41.352+0000] {manager.py:741} INFO - There are 0 files in /opt/airflow/dags
[2025-05-20T05:31:23.666+0000] {manager.py:738} INFO - Searching for files in /opt/airflow/dags
[2025-05-20T05:31:23.668+0000] {manager.py:741} INFO - There are 0 files in /opt/airflow/dags
[2025-05-20T06:38:43.308+0000] {manager.py:738} INFO - Searching for files in /opt/airflow/dags
[2025-05-20T06:38:43.310+0000] {manager.py:741} INFO - There are 0 files in /opt/airflow/dags
[2025-05-20T06:57:05.548+0000] {manager.py:738} INFO - Searching for files in /opt/airflow/dags
[2025-05-20T06:57:05.549+0000] {manager.py:741} INFO - There are 0 files in /opt/airflow/dags
[2025-05-20T07:14:58.757+0000] {manager.py:738} INFO - Searching for files in /opt/airflow/dags
[2025-05-20T07:14:58.759+0000] {manager.py:741} INFO - There are 0 files in /opt/airflow/dags
[2025-05-20T07:33:40.251+0000] {manager.py:738} INFO - Searching for files in /opt/airflow/dags
[2025-05-20T07:33:40.255+0000] {manager.py:741} INFO - There are 0 files in /opt/airflow/dags
[2025-05-20T08:40:37.997+0000] {manager.py:738} INFO - Searching for files in /opt/airflow/dags
[2025-05-20T08:40:37.999+0000] {manager.py:741} INFO - There are 0 files in /opt/airflow/dags
[2025-05-20T08:59:51.583+0000] {manager.py:738} INFO - Searching for files in /opt/airflow/dags
[2025-05-20T08:59:51.594+0000] {manager.py:741} INFO - There are 0 files in /opt/airflow/dags
[2025-05-20T10:13:06.395+0000] {manager.py:738} INFO - Searching for files in /opt/airflow/dags
[2025-05-20T10:13:06.397+0000] {manager.py:741} INFO - There are 0 files in /opt/airflow/dags
[2025-05-20T10:27:24.295+0000] {manager.py:738} INFO - Searching for files in /opt/airflow/dags
[2025-05-20T10:27:24.300+0000] {manager.py:741} INFO - There are 0 files in /opt/airflow/dags
[2025-05-20T10:32:24.645+0000] {manager.py:738} INFO - Searching for files in /opt/airflow/dags
[2025-05-20T10:32:24.652+0000] {manager.py:741} INFO - There are 1 files in /opt/airflow/dags
[2025-05-20T10:32:40.821+0000] {manager.py:879} INFO - 
================================================================================
DAG File Processing Stats

File Path                         PID    Runtime      # DAGs    # Errors  Last Runtime    Last Run
--------------------------------  -----  ---------  --------  ----------  --------------  -------------------
/opt/airflow/dags/morning_dag.py                           1           0  0.19s           2025-05-20T10:32:24
================================================================================
[2025-05-20T10:33:11.059+0000] {manager.py:879} INFO - 
================================================================================
DAG File Processing Stats

File Path                         PID    Runtime      # DAGs    # Errors  Last Runtime    Last Run
--------------------------------  -----  ---------  --------  ----------  --------------  -------------------
/opt/airflow/dags/morning_dag.py                           1           0  0.08s           2025-05-20T10:32:55
================================================================================
[2025-05-20T10:33:41.341+0000] {manager.py:879} INFO - 
================================================================================
DAG File Processing Stats

File Path                         PID    Runtime      # DAGs    # Errors  Last Runtime    Last Run
--------------------------------  -----  ---------  --------  ----------  --------------  -------------------
/opt/airflow/dags/morning_dag.py                           1           0  0.12s           2025-05-20T10:33:24
================================================================================
[2025-05-20T10:34:11.571+0000] {manager.py:879} INFO - 
================================================================================
DAG File Processing Stats

File Path                         PID    Runtime      # DAGs    # Errors  Last Runtime    Last Run
--------------------------------  -----  ---------  --------  ----------  --------------  -------------------
/opt/airflow/dags/morning_dag.py                           1           0  0.07s           2025-05-20T10:33:54
================================================================================
[2025-05-20T10:34:41.841+0000] {manager.py:879} INFO - 
================================================================================
DAG File Processing Stats

File Path                         PID    Runtime      # DAGs    # Errors  Last Runtime    Last Run
--------------------------------  -----  ---------  --------  ----------  --------------  -------------------
/opt/airflow/dags/morning_dag.py                           1           0  0.07s           2025-05-20T10:34:24
================================================================================
[2025-05-20T10:35:12.087+0000] {manager.py:879} INFO - 
================================================================================
DAG File Processing Stats

File Path                         PID    Runtime      # DAGs    # Errors  Last Runtime    Last Run
--------------------------------  -----  ---------  --------  ----------  --------------  -------------------
/opt/airflow/dags/morning_dag.py                           1           0  0.07s           2025-05-20T10:34:55
================================================================================
[2025-05-20T10:35:42.371+0000] {manager.py:879} INFO - 
================================================================================
DAG File Processing Stats

File Path                         PID    Runtime      # DAGs    # Errors  Last Runtime    Last Run
--------------------------------  -----  ---------  --------  ----------  --------------  -------------------
/opt/airflow/dags/morning_dag.py                           1           0  0.21s           2025-05-20T10:35:25
================================================================================
[2025-05-20T10:36:12.704+0000] {manager.py:879} INFO - 
================================================================================
DAG File Processing Stats

File Path                         PID    Runtime      # DAGs    # Errors  Last Runtime    Last Run
--------------------------------  -----  ---------  --------  ----------  --------------  -------------------
/opt/airflow/dags/morning_dag.py                           1           0  0.14s           2025-05-20T10:35:55
================================================================================
[2025-05-20T10:36:42.926+0000] {manager.py:879} INFO - 
================================================================================
DAG File Processing Stats

File Path                         PID    Runtime      # DAGs    # Errors  Last Runtime    Last Run
--------------------------------  -----  ---------  --------  ----------  --------------  -------------------
/opt/airflow/dags/morning_dag.py                           1           0  0.08s           2025-05-20T10:36:25
================================================================================
[2025-05-20T10:37:13.172+0000] {manager.py:879} INFO - 
================================================================================
DAG File Processing Stats

File Path                         PID    Runtime      # DAGs    # Errors  Last Runtime    Last Run
--------------------------------  -----  ---------  --------  ----------  --------------  -------------------
/opt/airflow/dags/morning_dag.py                           1           0  0.08s           2025-05-20T10:36:56
================================================================================
[2025-05-20T10:37:25.249+0000] {manager.py:738} INFO - Searching for files in /opt/airflow/dags
[2025-05-20T10:37:25.253+0000] {manager.py:741} INFO - There are 1 files in /opt/airflow/dags
[2025-05-20T10:37:43.401+0000] {manager.py:879} INFO - 
================================================================================
DAG File Processing Stats

File Path                         PID    Runtime      # DAGs    # Errors  Last Runtime    Last Run
--------------------------------  -----  ---------  --------  ----------  --------------  -------------------
/opt/airflow/dags/morning_dag.py                           1           0  0.08s           2025-05-20T10:37:26
================================================================================
[2025-05-20T10:38:13.643+0000] {manager.py:879} INFO - 
================================================================================
DAG File Processing Stats

File Path                         PID    Runtime      # DAGs    # Errors  Last Runtime    Last Run
--------------------------------  -----  ---------  --------  ----------  --------------  -------------------
/opt/airflow/dags/morning_dag.py                           1           0  0.08s           2025-05-20T10:37:56
================================================================================
[2025-05-20T10:38:43.848+0000] {manager.py:879} INFO - 
================================================================================
DAG File Processing Stats

File Path                         PID    Runtime      # DAGs    # Errors  Last Runtime    Last Run
--------------------------------  -----  ---------  --------  ----------  --------------  -------------------
/opt/airflow/dags/morning_dag.py                           1           0  0.07s           2025-05-20T10:38:26
================================================================================
[2025-05-20T10:39:14.080+0000] {manager.py:879} INFO - 
================================================================================
DAG File Processing Stats

File Path                         PID    Runtime      # DAGs    # Errors  Last Runtime    Last Run
--------------------------------  -----  ---------  --------  ----------  --------------  -------------------
/opt/airflow/dags/morning_dag.py                           1           0  0.07s           2025-05-20T10:38:57
================================================================================
[2025-05-20T10:39:44.308+0000] {manager.py:879} INFO - 
================================================================================
DAG File Processing Stats

File Path                         PID    Runtime      # DAGs    # Errors  Last Runtime    Last Run
--------------------------------  -----  ---------  --------  ----------  --------------  -------------------
/opt/airflow/dags/morning_dag.py                           1           0  0.07s           2025-05-20T10:39:27
================================================================================
[2025-05-20T10:40:14.533+0000] {manager.py:879} INFO - 
================================================================================
DAG File Processing Stats

File Path                         PID    Runtime      # DAGs    # Errors  Last Runtime    Last Run
--------------------------------  -----  ---------  --------  ----------  --------------  -------------------
/opt/airflow/dags/morning_dag.py                           1           0  0.07s           2025-05-20T10:39:57
================================================================================
[2025-05-20T10:40:44.775+0000] {manager.py:879} INFO - 
================================================================================
DAG File Processing Stats

File Path                         PID    Runtime      # DAGs    # Errors  Last Runtime    Last Run
--------------------------------  -----  ---------  --------  ----------  --------------  -------------------
/opt/airflow/dags/morning_dag.py                           1           0  0.07s           2025-05-20T10:40:27
================================================================================
[2025-05-20T10:41:15.012+0000] {manager.py:879} INFO - 
================================================================================
DAG File Processing Stats

File Path                         PID    Runtime      # DAGs    # Errors  Last Runtime    Last Run
--------------------------------  -----  ---------  --------  ----------  --------------  -------------------
/opt/airflow/dags/morning_dag.py                           1           0  0.08s           2025-05-20T10:40:57
================================================================================
[2025-05-20T10:41:45.237+0000] {manager.py:879} INFO - 
================================================================================
DAG File Processing Stats

File Path                         PID    Runtime      # DAGs    # Errors  Last Runtime    Last Run
--------------------------------  -----  ---------  --------  ----------  --------------  -------------------
/opt/airflow/dags/morning_dag.py                           1           0  0.09s           2025-05-20T10:41:28
================================================================================
[2025-05-20T10:42:08.956+0000] {manager.py:469} INFO - Processing files using up to 2 processes at a time 
[2025-05-20T10:42:08.956+0000] {manager.py:470} INFO - Process each file at most once every 30 seconds
[2025-05-20T10:42:08.956+0000] {manager.py:471} INFO - Checking for new files in /opt/airflow/dags every 300 seconds
[2025-05-20T10:42:08.957+0000] {manager.py:738} INFO - Searching for files in /opt/airflow/dags
[2025-05-20T10:42:08.962+0000] {manager.py:741} INFO - There are 2 files in /opt/airflow/dags
[2025-05-20T10:42:09.055+0000] {manager.py:879} INFO - 
================================================================================
DAG File Processing Stats

File Path                             PID  Runtime      # DAGs    # Errors  Last Runtime    Last Run
----------------------------------  -----  ---------  --------  ----------  --------------  ----------
/opt/airflow/dags/morning_dag.py      194  0.04s             0           0
/opt/airflow/dags/afternoon_dag.py    191  0.05s             0           0
================================================================================
[2025-05-20T10:42:16.740+0000] {manager.py:451} INFO - Exiting gracefully upon receiving signal 15
[2025-05-20T10:43:44.594+0000] {manager.py:469} INFO - Processing files using up to 2 processes at a time 
[2025-05-20T10:43:44.596+0000] {manager.py:470} INFO - Process each file at most once every 30 seconds
[2025-05-20T10:43:44.598+0000] {manager.py:471} INFO - Checking for new files in /opt/airflow/dags every 300 seconds
[2025-05-20T10:43:44.598+0000] {manager.py:738} INFO - Searching for files in /opt/airflow/dags
[2025-05-20T10:43:44.608+0000] {manager.py:741} INFO - There are 2 files in /opt/airflow/dags
[2025-05-20T10:43:44.723+0000] {manager.py:879} INFO - 
================================================================================
DAG File Processing Stats

File Path                             PID  Runtime      # DAGs    # Errors  Last Runtime    Last Run
----------------------------------  -----  ---------  --------  ----------  --------------  ----------
/opt/airflow/dags/morning_dag.py      194  0.05s             0           0
/opt/airflow/dags/afternoon_dag.py    191  0.06s             0           0
================================================================================
[2025-05-20T10:44:15.030+0000] {manager.py:879} INFO - 
================================================================================
DAG File Processing Stats

File Path                             PID  Runtime      # DAGs    # Errors  Last Runtime    Last Run
----------------------------------  -----  ---------  --------  ----------  --------------  -------------------
/opt/airflow/dags/afternoon_dag.py    237  0.01s             0           1  0.32s           2025-05-20T10:43:44
/opt/airflow/dags/morning_dag.py      240  0.00s             1           0  0.13s           2025-05-20T10:43:44
================================================================================
[2025-05-20T10:45:32.646+0000] {manager.py:469} INFO - Processing files using up to 2 processes at a time 
[2025-05-20T10:45:32.649+0000] {manager.py:470} INFO - Process each file at most once every 30 seconds
[2025-05-20T10:45:32.649+0000] {manager.py:471} INFO - Checking for new files in /opt/airflow/dags every 300 seconds
[2025-05-20T10:45:32.650+0000] {manager.py:738} INFO - Searching for files in /opt/airflow/dags
[2025-05-20T10:45:32.655+0000] {manager.py:741} INFO - There are 2 files in /opt/airflow/dags
[2025-05-20T10:45:32.738+0000] {manager.py:879} INFO - 
================================================================================
DAG File Processing Stats

File Path                             PID  Runtime      # DAGs    # Errors  Last Runtime    Last Run
----------------------------------  -----  ---------  --------  ----------  --------------  ----------
/opt/airflow/dags/morning_dag.py      200  0.03s             0           0
/opt/airflow/dags/afternoon_dag.py    197  0.04s             0           0
================================================================================
[2025-05-20T10:46:03.015+0000] {manager.py:879} INFO - 
================================================================================
DAG File Processing Stats

File Path                             PID  Runtime      # DAGs    # Errors  Last Runtime    Last Run
----------------------------------  -----  ---------  --------  ----------  --------------  -------------------
/opt/airflow/dags/afternoon_dag.py    238  0.01s             0           1  0.29s           2025-05-20T10:45:32
/opt/airflow/dags/morning_dag.py      241  0.00s             1           0  0.11s           2025-05-20T10:45:32
================================================================================
[2025-05-20T10:46:33.071+0000] {manager.py:879} INFO - 
================================================================================
DAG File Processing Stats

File Path                           PID    Runtime      # DAGs    # Errors  Last Runtime    Last Run
----------------------------------  -----  ---------  --------  ----------  --------------  -------------------
/opt/airflow/dags/morning_dag.py                             1           0  0.15s           2025-05-20T10:46:03
/opt/airflow/dags/afternoon_dag.py                           1           0  0.82s           2025-05-20T10:46:03
================================================================================
[2025-05-20T10:47:04.801+0000] {manager.py:469} INFO - Processing files using up to 2 processes at a time 
[2025-05-20T10:47:04.802+0000] {manager.py:470} INFO - Process each file at most once every 30 seconds
[2025-05-20T10:47:04.802+0000] {manager.py:471} INFO - Checking for new files in /opt/airflow/dags every 300 seconds
[2025-05-20T10:47:04.803+0000] {manager.py:738} INFO - Searching for files in /opt/airflow/dags
[2025-05-20T10:47:04.808+0000] {manager.py:741} INFO - There are 2 files in /opt/airflow/dags
[2025-05-20T10:47:04.898+0000] {manager.py:879} INFO - 
================================================================================
DAG File Processing Stats

File Path                             PID  Runtime      # DAGs    # Errors  Last Runtime    Last Run
----------------------------------  -----  ---------  --------  ----------  --------------  ----------
/opt/airflow/dags/morning_dag.py      200  0.03s             0           0
/opt/airflow/dags/afternoon_dag.py    197  0.04s             0           0
================================================================================
[2025-05-20T10:47:34.945+0000] {manager.py:879} INFO - 
================================================================================
DAG File Processing Stats

File Path                           PID    Runtime      # DAGs    # Errors  Last Runtime    Last Run
----------------------------------  -----  ---------  --------  ----------  --------------  -------------------
/opt/airflow/dags/morning_dag.py                             1           0  0.11s           2025-05-20T10:47:04
/opt/airflow/dags/afternoon_dag.py                           1           0  0.84s           2025-05-20T10:47:05
================================================================================
[2025-05-20T10:48:02.556+0000] {manager.py:469} INFO - Processing files using up to 2 processes at a time 
[2025-05-20T10:48:02.556+0000] {manager.py:470} INFO - Process each file at most once every 30 seconds
[2025-05-20T10:48:02.557+0000] {manager.py:471} INFO - Checking for new files in /opt/airflow/dags every 300 seconds
[2025-05-20T10:48:02.557+0000] {manager.py:738} INFO - Searching for files in /opt/airflow/dags
[2025-05-20T10:48:02.562+0000] {manager.py:741} INFO - There are 2 files in /opt/airflow/dags
[2025-05-20T10:48:02.650+0000] {manager.py:879} INFO - 
================================================================================
DAG File Processing Stats

File Path                             PID  Runtime      # DAGs    # Errors  Last Runtime    Last Run
----------------------------------  -----  ---------  --------  ----------  --------------  ----------
/opt/airflow/dags/morning_dag.py      201  0.04s             0           0
/opt/airflow/dags/afternoon_dag.py    198  0.04s             0           0
================================================================================
[2025-05-20T10:48:34.492+0000] {manager.py:469} INFO - Processing files using up to 2 processes at a time 
[2025-05-20T10:48:34.493+0000] {manager.py:470} INFO - Process each file at most once every 30 seconds
[2025-05-20T10:48:34.493+0000] {manager.py:471} INFO - Checking for new files in /opt/airflow/dags every 300 seconds
[2025-05-20T10:48:34.493+0000] {manager.py:738} INFO - Searching for files in /opt/airflow/dags
[2025-05-20T10:48:34.498+0000] {manager.py:741} INFO - There are 2 files in /opt/airflow/dags
[2025-05-20T10:48:34.573+0000] {manager.py:879} INFO - 
================================================================================
DAG File Processing Stats

File Path                             PID  Runtime      # DAGs    # Errors  Last Runtime    Last Run
----------------------------------  -----  ---------  --------  ----------  --------------  ----------
/opt/airflow/dags/morning_dag.py      201  0.03s             0           0
/opt/airflow/dags/afternoon_dag.py    198  0.03s             0           0
================================================================================
